{"/home/webreflection/code/json-pointer/test.js":{"path":"/home/webreflection/code/json-pointer/test.js","s":{"1":1,"2":1,"3":1,"4":1,"5":1,"6":1,"7":1},"b":{},"f":{},"fnMap":{},"statementMap":{"1":{"start":{"line":1,"column":0},"end":{"line":1,"column":31}},"2":{"start":{"line":3,"column":0},"end":{"line":3,"column":40}},"3":{"start":{"line":5,"column":0},"end":{"line":5,"column":36}},"4":{"start":{"line":7,"column":0},"end":{"line":10,"column":2}},"5":{"start":{"line":12,"column":0},"end":{"line":15,"column":2}},"6":{"start":{"line":17,"column":0},"end":{"line":20,"column":2}},"7":{"start":{"line":22,"column":0},"end":{"line":25,"column":2}}},"branchMap":{}},"/home/webreflection/code/json-pointer/index.js":{"path":"/home/webreflection/code/json-pointer/index.js","s":{"1":1,"2":1,"3":3,"4":1,"5":2,"6":5,"7":5,"8":1,"9":4,"10":1,"11":3,"12":2,"13":2,"14":7,"15":7,"16":1,"17":6,"18":1,"19":5,"20":2,"21":1,"22":1},"b":{"1":[1,2],"2":[1,4],"3":[1,3],"4":[1,6],"5":[1,5]},"f":{"1":1,"2":3,"3":2,"4":2},"fnMap":{"1":{"name":"(anonymous_1)","line":1,"loc":{"start":{"line":1,"column":19},"end":{"line":1,"column":35}}},"2":{"name":"(anonymous_2)","line":7,"loc":{"start":{"line":7,"column":12},"end":{"line":7,"column":25}}},"3":{"name":"encode","line":12,"loc":{"start":{"line":12,"column":12},"end":{"line":12,"column":39}}},"4":{"name":"decode","line":31,"loc":{"start":{"line":31,"column":12},"end":{"line":31,"column":40}}}},"statementMap":{"1":{"start":{"line":1,"column":0},"end":{"line":52,"column":9}},"2":{"start":{"line":3,"column":2},"end":{"line":10,"column":3}},"3":{"start":{"line":8,"column":6},"end":{"line":8,"column":44}},"4":{"start":{"line":11,"column":2},"end":{"line":51,"column":4}},"5":{"start":{"line":13,"column":6},"end":{"line":28,"column":7}},"6":{"start":{"line":20,"column":8},"end":{"line":20,"column":27}},"7":{"start":{"line":21,"column":8},"end":{"line":27,"column":9}},"8":{"start":{"line":22,"column":10},"end":{"line":22,"column":27}},"9":{"start":{"line":23,"column":15},"end":{"line":27,"column":9}},"10":{"start":{"line":24,"column":10},"end":{"line":24,"column":39}},"11":{"start":{"line":26,"column":10},"end":{"line":26,"column":66}},"12":{"start":{"line":29,"column":6},"end":{"line":29,"column":30}},"13":{"start":{"line":32,"column":6},"end":{"line":48,"column":7}},"14":{"start":{"line":40,"column":8},"end":{"line":40,"column":27}},"15":{"start":{"line":41,"column":8},"end":{"line":47,"column":9}},"16":{"start":{"line":42,"column":10},"end":{"line":42,"column":41}},"17":{"start":{"line":43,"column":15},"end":{"line":47,"column":9}},"18":{"start":{"line":44,"column":10},"end":{"line":44,"column":40}},"19":{"start":{"line":46,"column":10},"end":{"line":46,"column":47}},"20":{"start":{"line":49,"column":6},"end":{"line":49,"column":29}},"21":{"start":{"line":54,"column":0},"end":{"line":54,"column":51}},"22":{"start":{"line":54,"column":6},"end":{"line":54,"column":35}}},"branchMap":{"1":{"line":8,"type":"cond-expr","locations":[{"start":{"line":8,"column":33},"end":{"line":8,"column":36}},{"start":{"line":8,"column":39},"end":{"line":8,"column":42}}]},"2":{"line":21,"type":"if","locations":[{"start":{"line":21,"column":8},"end":{"line":21,"column":8}},{"start":{"line":21,"column":8},"end":{"line":21,"column":8}}]},"3":{"line":23,"type":"if","locations":[{"start":{"line":23,"column":15},"end":{"line":23,"column":15}},{"start":{"line":23,"column":15},"end":{"line":23,"column":15}}]},"4":{"line":41,"type":"if","locations":[{"start":{"line":41,"column":8},"end":{"line":41,"column":8}},{"start":{"line":41,"column":8},"end":{"line":41,"column":8}}]},"5":{"line":43,"type":"if","locations":[{"start":{"line":43,"column":15},"end":{"line":43,"column":15}},{"start":{"line":43,"column":15},"end":{"line":43,"column":15}}]}}}}