TN:
SF:/home/webreflection/code/json-pointer/test.js
FNF:0
FNH:0
DA:1,1
DA:3,1
DA:5,1
DA:7,1
DA:12,1
DA:17,1
DA:22,1
LF:7
LH:7
BRF:0
BRH:0
end_of_record
TN:
SF:/home/webreflection/code/json-pointer/index.js
FN:1,(anonymous_1)
FN:7,(anonymous_2)
FN:12,encode
FN:31,decode
FNF:4
FNH:4
FNDA:1,(anonymous_1)
FNDA:3,(anonymous_2)
FNDA:2,encode
FNDA:2,decode
DA:1,1
DA:3,1
DA:8,3
DA:11,1
DA:13,2
DA:20,5
DA:21,5
DA:22,1
DA:23,4
DA:24,1
DA:26,3
DA:29,2
DA:32,2
DA:40,7
DA:41,7
DA:42,1
DA:43,6
DA:44,1
DA:46,5
DA:49,2
DA:54,1
LF:21
LH:21
BRDA:8,1,0,1
BRDA:8,1,1,2
BRDA:21,2,0,1
BRDA:21,2,1,4
BRDA:23,3,0,1
BRDA:23,3,1,3
BRDA:41,4,0,1
BRDA:41,4,1,6
BRDA:43,5,0,1
BRDA:43,5,1,5
BRF:10
BRH:10
end_of_record
